

Started GET "/messages" for 127.0.0.1 at Sun May 22 23:19:59 +0800 2011
  Processing by MessagesController#index as HTML
Rendered home/_message.html.erb (13.1ms)
Rendered home/_header.html.erb (0.2ms)
Rendered home/_post.html.erb (52.7ms)
Rendered home/_rmenu.html.erb (61.3ms)
Rendered messages/index.html.erb within layouts/messages (80.6ms)
Completed 200 OK in 96ms (Views: 82.9ms | ActiveRecord: 0.5ms)


Started GET "/stylesheets/style.css?1305887418" for 127.0.0.1 at Sun May 22 23:19:59 +0800 2011

ActionController::RoutingError (No route matches "/stylesheets/style.css"):
  

Rendered /var/lib/gems/1.8/gems/actionpack-3.0.7/lib/action_dispatch/middleware/templates/rescues/routing_error.erb within rescues/layout (0.8ms)


Started GET "/javascripts/ckeditor/ckeditor.js?1306057410" for 127.0.0.1 at Sun May 22 23:19:59 +0800 2011

ActionController::RoutingError (No route matches "/javascripts/ckeditor/ckeditor.js"):
  

Rendered /var/lib/gems/1.8/gems/actionpack-3.0.7/lib/action_dispatch/middleware/templates/rescues/routing_error.erb within rescues/layout (0.9ms)


Started GET "/javascripts/jquery.js?1305204526" for 127.0.0.1 at Sun May 22 23:19:59 +0800 2011

ActionController::RoutingError (No route matches "/javascripts/jquery.js"):
  

Rendered /var/lib/gems/1.8/gems/actionpack-3.0.7/lib/action_dispatch/middleware/templates/rescues/routing_error.erb within rescues/layout (0.8ms)


Started GET "/javascripts/validate.js?1305702271" for 127.0.0.1 at Sun May 22 23:19:59 +0800 2011

ActionController::RoutingError (No route matches "/javascripts/validate.js"):
  

Rendered /var/lib/gems/1.8/gems/actionpack-3.0.7/lib/action_dispatch/middleware/templates/rescues/routing_error.erb within rescues/layout (1.1ms)


Started GET "/messages" for 127.0.0.1 at Sun May 22 23:21:39 +0800 2011
  Processing by MessagesController#index as HTML
Rendered home/_message.html.erb (8.3ms)
Rendered home/_header.html.erb (0.1ms)
Rendered home/_post.html.erb (0.1ms)
Rendered home/_rmenu.html.erb (1.5ms)
Rendered messages/index.html.erb within layouts/messages (15.5ms)
Completed 200 OK in 20ms (Views: 16.4ms | ActiveRecord: 0.5ms)


Started GET "/stylesheets/style.css?1305887418" for 127.0.0.1 at Sun May 22 23:21:39 +0800 2011

ActionController::RoutingError (No route matches "/stylesheets/style.css"):
  

Rendered /var/lib/gems/1.8/gems/actionpack-3.0.7/lib/action_dispatch/middleware/templates/rescues/routing_error.erb within rescues/layout (0.8ms)


Started GET "/javascripts/ckeditor/ckeditor.js?1306057410" for 127.0.0.1 at Sun May 22 23:21:39 +0800 2011

ActionController::RoutingError (No route matches "/javascripts/ckeditor/ckeditor.js"):
  

Rendered /var/lib/gems/1.8/gems/actionpack-3.0.7/lib/action_dispatch/middleware/templates/rescues/routing_error.erb within rescues/layout (1.3ms)


Started GET "/javascripts/jquery.js?1305204526" for 127.0.0.1 at Sun May 22 23:21:39 +0800 2011

ActionController::RoutingError (No route matches "/javascripts/jquery.js"):
  

Rendered /var/lib/gems/1.8/gems/actionpack-3.0.7/lib/action_dispatch/middleware/templates/rescues/routing_error.erb within rescues/layout (1.1ms)


Started GET "/javascripts/validate.js?1305702271" for 127.0.0.1 at Sun May 22 23:21:39 +0800 2011

ActionController::RoutingError (No route matches "/javascripts/validate.js"):
  

Rendered /var/lib/gems/1.8/gems/actionpack-3.0.7/lib/action_dispatch/middleware/templates/rescues/routing_error.erb within rescues/layout (0.8ms)


Started GET "/flash/cloudtag.swf" for 127.0.0.1 at Sun May 22 23:21:39 +0800 2011

ActionController::RoutingError (No route matches "/flash/cloudtag.swf"):
  

Rendered /var/lib/gems/1.8/gems/actionpack-3.0.7/lib/action_dispatch/middleware/templates/rescues/routing_error.erb within rescues/layout (1.4ms)


Started GET "/messages" for 127.0.0.1 at Sun May 22 23:23:22 +0800 2011
  Processing by MessagesController#index as HTML
Rendered home/_message.html.erb (13.4ms)
Rendered home/_header.html.erb (0.2ms)
Rendered home/_post.html.erb (52.9ms)
Rendered home/_rmenu.html.erb (60.7ms)
Rendered messages/index.html.erb within layouts/messages (80.4ms)
Completed 200 OK in 96ms (Views: 82.7ms | ActiveRecord: 0.4ms)


Started GET "/home" for 127.0.0.1 at Sun May 22 23:23:25 +0800 2011
  Processing by HomeController#index as HTML
Rendered home/_blog.html.erb (0.8ms)
Rendered home/_header.html.erb (0.1ms)
Rendered home/_post.html.erb (0.1ms)
Rendered home/_rmenu.html.erb (2.0ms)
Rendered home/index.html.erb within layouts/home (5.9ms)
Completed 200 OK in 14ms (Views: 10.4ms | ActiveRecord: 0.5ms)


Started GET "/blogs" for 127.0.0.1 at Sun May 22 23:23:28 +0800 2011
  Processing by BlogsController#index as HTML
Rendered blogs/_blog.html.erb (2.3ms)
Rendered home/_header.html.erb (0.1ms)
Rendered home/_post.html.erb (0.1ms)
Rendered home/_rmenu.html.erb (1.7ms)
Rendered blogs/index.html.erb within layouts/blogs (9.6ms)
Completed 200 OK in 14ms (Views: 12.0ms | ActiveRecord: 0.3ms)


Started GET "/about" for 127.0.0.1 at Sun May 22 23:23:32 +0800 2011
  Processing by AboutController#index as HTML
Rendered home/_header.html.erb (0.1ms)
Rendered home/_post.html.erb (0.1ms)
Rendered home/_rmenu.html.erb (1.6ms)
Rendered about/index.html.erb within layouts/about (3.2ms)
Completed 200 OK in 7ms (Views: 5.5ms | ActiveRecord: 0.2ms)


Started GET "/messages" for 127.0.0.1 at Sun May 22 23:23:32 +0800 2011
  Processing by MessagesController#index as HTML
Rendered home/_message.html.erb (6.8ms)
Rendered home/_header.html.erb (0.1ms)
Rendered home/_post.html.erb (0.1ms)
Rendered home/_rmenu.html.erb (1.9ms)
Rendered messages/index.html.erb within layouts/messages (12.2ms)
Completed 200 OK in 16ms (Views: 12.7ms | ActiveRecord: 0.4ms)


Started GET "/about" for 127.0.0.1 at Sun May 22 23:23:33 +0800 2011
  Processing by AboutController#index as HTML
Rendered home/_header.html.erb (0.1ms)
Rendered home/_post.html.erb (0.1ms)
Rendered home/_rmenu.html.erb (1.8ms)
Rendered about/index.html.erb within layouts/about (3.0ms)
Completed 200 OK in 5ms (Views: 3.7ms | ActiveRecord: 0.3ms)


Started GET "/messages" for 127.0.0.1 at Sun May 22 23:23:34 +0800 2011
  Processing by MessagesController#index as HTML
Rendered home/_message.html.erb (5.3ms)
Rendered home/_header.html.erb (0.1ms)
Rendered home/_post.html.erb (0.2ms)
Rendered home/_rmenu.html.erb (3.0ms)
Rendered messages/index.html.erb within layouts/messages (13.7ms)
Completed 200 OK in 18ms (Views: 14.9ms | ActiveRecord: 0.6ms)


Started GET "/about" for 127.0.0.1 at Sun May 22 23:23:35 +0800 2011
  Processing by AboutController#index as HTML
Rendered home/_header.html.erb (0.1ms)
Rendered home/_post.html.erb (0.2ms)
Rendered home/_rmenu.html.erb (3.3ms)
Rendered about/index.html.erb within layouts/about (5.6ms)
Completed 200 OK in 9ms (Views: 6.6ms | ActiveRecord: 0.4ms)


Started GET "/messages" for 127.0.0.1 at Sun May 22 23:23:35 +0800 2011
  Processing by MessagesController#index as HTML
Rendered home/_message.html.erb (6.2ms)
Rendered home/_header.html.erb (0.1ms)
Rendered home/_post.html.erb (0.1ms)
Rendered home/_rmenu.html.erb (1.4ms)
Rendered messages/index.html.erb within layouts/messages (11.9ms)
Completed 200 OK in 17ms (Views: 12.8ms | ActiveRecord: 0.6ms)


Started GET "/about" for 127.0.0.1 at Sun May 22 23:23:36 +0800 2011
  Processing by AboutController#index as HTML
Rendered home/_header.html.erb (0.2ms)
Rendered home/_post.html.erb (0.1ms)
Rendered home/_rmenu.html.erb (3.0ms)
Rendered about/index.html.erb within layouts/about (6.3ms)
Completed 200 OK in 10ms (Views: 7.6ms | ActiveRecord: 0.5ms)


Started GET "/home" for 127.0.0.1 at Sun May 22 23:31:27 +0800 2011
  Processing by HomeController#index as HTML
Rendered home/_blog.html.erb (0.5ms)
Rendered home/_header.html.erb (0.0ms)
Rendered home/_post.html.erb (0.1ms)
Rendered home/_rmenu.html.erb (1.7ms)
Rendered home/index.html.erb within layouts/home (3.8ms)
Completed 200 OK in 7ms (Views: 4.5ms | ActiveRecord: 0.5ms)


Started GET "/home/dddd" for 127.0.0.1 at Sun May 22 23:31:31 +0800 2011

AbstractController::ActionNotFound (The action 'dddd' could not be found for HomeController):
  

Rendered /var/lib/gems/1.8/gems/actionpack-3.0.7/lib/action_dispatch/middleware/templates/rescues/unknown_action.erb within rescues/layout (1.2ms)


Started GET "/hddd" for 127.0.0.1 at Sun May 22 23:31:39 +0800 2011

ActionController::RoutingError (No route matches "/hddd"):
  

Rendered /var/lib/gems/1.8/gems/actionpack-3.0.7/lib/action_dispatch/middleware/templates/rescues/routing_error.erb within rescues/layout (1.3ms)


Started GET "/aboutkkk" for 127.0.0.1 at Sun May 22 23:32:23 +0800 2011

ActionController::RoutingError (No route matches "/aboutkkk"):
  

Rendered /var/lib/gems/1.8/gems/actionpack-3.0.7/lib/action_dispatch/middleware/templates/rescues/routing_error.erb within rescues/layout (0.8ms)


Started GET "/aboutkkk" for 127.0.0.1 at Sun May 22 23:32:30 +0800 2011

ActionController::RoutingError (No route matches "/aboutkkk"):
  

Rendered /var/lib/gems/1.8/gems/actionpack-3.0.7/lib/action_dispatch/middleware/templates/rescues/routing_error.erb within rescues/layout (0.8ms)
